C51 COMPILER V9.60.7.0   PUBLIC                                                            12/23/2023 15:18:49 PAGE 1   


C51 COMPILER V9.60.7.0, COMPILATION OF MODULE PUBLIC
OBJECT MODULE PLACED IN .\Objects\public.obj
COMPILER INVOKED BY: E:\Keil5\C51\BIN\C51.EXE public\public.c OPTIMIZE(8,SPEED) BROWSE INCDIR(.\public;.\LED_function;.\
                    -Timer_function) DEBUG OBJECTEXTEND PRINT(.\Listings\public.lst) TABS(2) OBJECT(.\Objects\public.obj)

line level    source

   1          #include "public.h"
   2          #include <REGX52.H>
   3          #include <INTRINS.H>
   4          
   5          void Delay10us(u16 xus){ // @11.0592MHz 
   6   1          while (xus--); 
   7   1      }
   8          
   9          void Delay(u16 xms) // @11.0592MHz 
  10          {
  11   1        while (xms > 0){
  12   2          unsigned char data i, j;
  13   2          _nop_();
  14   2          for (i = 2; i>0;i--){
  15   3            for (j = 199; j> 0; j--);
  16   3          }
  17   2          xms--;
  18   2        }
  19   1      }


MODULE INFORMATION:   STATIC OVERLAYABLE
   CODE SIZE        =     41    ----
   CONSTANT SIZE    =   ----    ----
   XDATA SIZE       =   ----    ----
   PDATA SIZE       =   ----    ----
   DATA SIZE        =   ----       2
   IDATA SIZE       =   ----    ----
   BIT SIZE         =   ----    ----
END OF MODULE INFORMATION.


C51 COMPILATION COMPLETE.  0 WARNING(S),  0 ERROR(S)
