C51 COMPILER V9.60.7.0   TIMER_CONTROLLER                                                  12/23/2023 15:18:49 PAGE 1   


C51 COMPILER V9.60.7.0, COMPILATION OF MODULE TIMER_CONTROLLER
OBJECT MODULE PLACED IN .\Objects\timer_controller.obj
COMPILER INVOKED BY: E:\Keil5\C51\BIN\C51.EXE Timer_function\timer_controller.c OPTIMIZE(8,SPEED) BROWSE INCDIR(.\public
                    -;.\LED_function;.\Timer_function) DEBUG OBJECTEXTEND PRINT(.\Listings\timer_controller.lst) TABS(2) OBJECT(.\Objects\tim
                    -er_controller.obj)

line level    source

   1          #include "timer_controller.h"
   2          #include <REGX52.H>
   3          
   4          // calculate 5ms each time, which means 4608 times of crystal oscallation
   5          void TIMER0_START(){
   6   1          TMOD &= ~T0_GATE_; TMOD &= ~T0_CT_; // use timer mode 
   7   1          TMOD |= T0_M0_; TMOD &= ~T0_M1_; // use mode 1 for timer 
   8   1          TH0 = 0xee; TL0 = 0x00;
   9   1          EA = 1; ET0 = 1; 
  10   1          TR0 = 1; // start_timer 
  11   1      }
  12          
  13          void TIMER0_STOP(){
  14   1          TR0 = 0; // stop timer;
  15   1      }
  16          
  17          void TIMER1_START(){
  18   1          TMOD &= ~T1_GATE_; TMOD &= ~T1_CT_; // use timer mode
  19   1          TMOD |= T1_M0_; TMOD &= ~T1_M1_;  // M0 = 1, M1 = 0
  20   1          TH1 = 0xdc; TL1 = 0x00;
  21   1          EA = 1; ET1 = 1; 
  22   1          TR1 = 1;
  23   1      }
  24          
  25          void TIMER1_STOP(){
  26   1          TR1 = 0;
  27   1      }
  28          


MODULE INFORMATION:   STATIC OVERLAYABLE
   CODE SIZE        =     56    ----
   CONSTANT SIZE    =   ----    ----
   XDATA SIZE       =   ----    ----
   PDATA SIZE       =   ----    ----
   DATA SIZE        =   ----    ----
   IDATA SIZE       =   ----    ----
   BIT SIZE         =   ----    ----
END OF MODULE INFORMATION.


C51 COMPILATION COMPLETE.  0 WARNING(S),  0 ERROR(S)
